<?xml version="1.0" encoding="UTF-8"?>
<!-- Generated by org.testng.reporters.JUnitXMLReporter -->
<testsuite ignored="8" hostname="DESKTOP-E3FNQHB" failures="0" tests="1" name="Default test" time="0.085" errors="0" timestamp="2023-09-18T11:49:06 IST">
  <testcase classname="Stream_demo.Stream_demo_all" name="checkthegeneder" time="0.02"/>
  <testcase classname="Stream_demo.Stream_demo_all" name="FindMinElement" time="0.0">
    <ignored/>
  </testcase> <!-- FindMinElement -->
  <testcase classname="Stream_demo.Stream_demo_all" name="finddublicate" time="0.0">
    <ignored/>
  </testcase> <!-- finddublicate -->
  <testcase classname="Stream_demo.Stream_demo_all" name="findthetotalelement2" time="0.0">
    <ignored/>
  </testcase> <!-- findthetotalelement2 -->
  <testcase classname="Stream_demo.Stream_demo_all" name="find_out_all_the_numbers_starting_with_1_using_Stream_functions" time="0.0">
    <ignored/>
  </testcase> <!-- find_out_all_the_numbers_starting_with_1_using_Stream_functions -->
  <testcase classname="Stream_demo.Stream_demo_all" name="findthetotalelement" time="0.0">
    <ignored/>
  </testcase> <!-- findthetotalelement -->
  <testcase classname="Stream_demo.Stream_demo_all" name="finddublicate1" time="0.0">
    <ignored/>
  </testcase> <!-- finddublicate1 -->
  <testcase classname="Stream_demo.Stream_demo_all" name="FindMaxElement" time="0.0">
    <ignored/>
  </testcase> <!-- FindMaxElement -->
  <testcase classname="Stream_demo.Stream_demo_all" name="findthefirstelement" time="0.0">
    <ignored/>
  </testcase> <!-- findthefirstelement -->
</testsuite> <!-- Default test -->
