<?xml version="1.0" encoding="UTF-8"?>
<testng-results ignored="0" total="1" passed="1" failed="0" skipped="0">
  <reporter-output>
  </reporter-output>
  <suite started-at="2023-09-24T12:41:33 IST" name="Default suite" finished-at="2023-09-24T12:41:33 IST" duration-ms="54">
    <groups>
    </groups>
    <test started-at="2023-09-24T12:41:33 IST" name="Default test" finished-at="2023-09-24T12:41:33 IST" duration-ms="54">
      <class name="Iterator_demo.Iterator_enumertion">
        <test-method signature="usingString()[pri:0, instance:Iterator_demo.Iterator_enumertion@14cd1699]" started-at="2023-09-24T12:41:33 IST" name="usingString" finished-at="2023-09-24T12:41:33 IST" duration-ms="6" status="PASS">
          <reporter-output>
          </reporter-output>
        </test-method> <!-- usingString -->
      </class> <!-- Iterator_demo.Iterator_enumertion -->
    </test> <!-- Default test -->
  </suite> <!-- Default suite -->
</testng-results>
