<?xml version="1.0" encoding="UTF-8"?>
<testng-results ignored="8" total="9" passed="1" failed="0" skipped="0">
  <reporter-output>
  </reporter-output>
  <suite started-at="2023-09-18T11:49:06 IST" name="Default suite" finished-at="2023-09-18T11:49:06 IST" duration-ms="85">
    <groups>
    </groups>
    <test started-at="2023-09-18T11:49:06 IST" name="Default test" finished-at="2023-09-18T11:49:06 IST" duration-ms="85">
      <class name="Stream_demo.Stream_demo_all">
        <test-method signature="checkthegeneder()[pri:0, instance:Stream_demo.Stream_demo_all@1bb5a082]" started-at="2023-09-18T11:49:06 IST" name="checkthegeneder" finished-at="2023-09-18T11:49:06 IST" duration-ms="20" status="PASS">
          <reporter-output>
          </reporter-output>
        </test-method> <!-- checkthegeneder -->
      </class> <!-- Stream_demo.Stream_demo_all -->
    </test> <!-- Default test -->
  </suite> <!-- Default suite -->
</testng-results>
